Build started 10/19/2014 11:08:03 PM.
     1>Project "C:\Users\Danny\Documents\GitHub\TE\TE.vcxproj" on node 2 (Build target(s)).
     1>ClCompile:
         C:\Program Files (x86)\Microsoft Visual Studio 12.0\VC\bin\CL.exe /c /ZI /nologo /W3 /WX- /sdl /Od /Oy- /D _CRT_SECURE_NO_WARNINGS /D _MBCS /Gm /EHsc /RTC1 /MDd /GS /fp:precise /Zc:wchar_t /Zc:forScope /Fo"Debug\Intermediate\\" /Fd"Debug\Intermediate\vc120.pdb" /Gd /TP /analyze- /errorReport:prompt Render.cpp
         Render.cpp
     1>c:\users\danny\documents\github\te\shitcamera.h(83): warning C4244: 'argument' : conversion from 'double' to 'float', possible loss of data
     1>c:\users\danny\documents\github\te\shitcamera.h(84): warning C4244: 'argument' : conversion from 'double' to 'float', possible loss of data
     1>c:\users\danny\documents\github\te\shitcamera.h(85): warning C4244: 'argument' : conversion from 'double' to 'float', possible loss of data
       Link:
         C:\Program Files (x86)\Microsoft Visual Studio 12.0\VC\bin\link.exe /ERRORREPORT:PROMPT /OUT:"C:\Users\Danny\Documents\GitHub\TE\Debug\TurkeyEngine.exe" /INCREMENTAL /NOLOGO /LIBPATH:C:\Users\Danny\Documents\GitHub\TE\\Lib\ glu32.lib opengl32.lib glew32.lib glfw3.lib kernel32.lib user32.lib gdi32.lib winspool.lib comdlg32.lib advapi32.lib shell32.lib ole32.lib oleaut32.lib uuid.lib odbc32.lib odbccp32.lib /MANIFEST /MANIFESTUAC:"level='asInvoker' uiAccess='false'" /manifest:embed /DEBUG /PDB:"C:\Users\Danny\Documents\GitHub\TE\Debug\TurkeyEngine.pdb" /TLBID:1 /DYNAMICBASE /NXCOMPAT /IMPLIB:"C:\Users\Danny\Documents\GitHub\TE\Debug\TurkeyEngine.lib" /MACHINE:X86 Debug\Intermediate\Collada.obj
         Debug\Intermediate\Console.obj
         Debug\Intermediate\Engine.obj
         Debug\Intermediate\EngineModule.obj
         Debug\Intermediate\GL_31.obj
         Debug\Intermediate\main.obj
         Debug\Intermediate\Render.obj
         Debug\Intermediate\Resource.obj
         Debug\Intermediate\Shader.obj
         Debug\Intermediate\TGA.obj
         Debug\Intermediate\tinyxml2.obj
         Debug\Intermediate\Utility.obj
         Debug\Intermediate\World.obj
         TE.vcxproj -> C:\Users\Danny\Documents\GitHub\TE\Debug\TurkeyEngine.exe
     1>Done Building Project "C:\Users\Danny\Documents\GitHub\TE\TE.vcxproj" (Build target(s)).

Build succeeded.

Time Elapsed 00:00:00.86
