c:\users\danny\documents\github\te\debug\intermediate\vc120.pdb
c:\users\danny\documents\github\te\debug\intermediate\vc120.idb
c:\users\danny\documents\github\te\debug\intermediate\collada.obj
c:\users\danny\documents\github\te\debug\intermediate\console.obj
c:\users\danny\documents\github\te\debug\intermediate\engine.obj
c:\users\danny\documents\github\te\debug\intermediate\enginemodule.obj
c:\users\danny\documents\github\te\debug\intermediate\gl_31.obj
c:\users\danny\documents\github\te\debug\intermediate\main.obj
c:\users\danny\documents\github\te\debug\intermediate\render.obj
c:\users\danny\documents\github\te\debug\intermediate\resource.obj
c:\users\danny\documents\github\te\debug\intermediate\shader.obj
c:\users\danny\documents\github\te\debug\intermediate\tga.obj
c:\users\danny\documents\github\te\debug\intermediate\tinyxml2.obj
c:\users\danny\documents\github\te\debug\intermediate\utility.obj
c:\users\danny\documents\github\te\debug\intermediate\world.obj
c:\users\danny\documents\github\te\debug\intermediate\collada.nativecodeanalysis.xml
c:\users\danny\documents\github\te\debug\intermediate\console.nativecodeanalysis.xml
c:\users\danny\documents\github\te\debug\intermediate\engine.nativecodeanalysis.xml
c:\users\danny\documents\github\te\debug\intermediate\enginemodule.nativecodeanalysis.xml
c:\users\danny\documents\github\te\debug\intermediate\gl_31.nativecodeanalysis.xml
c:\users\danny\documents\github\te\debug\intermediate\main.nativecodeanalysis.xml
c:\users\danny\documents\github\te\debug\intermediate\render.nativecodeanalysis.xml
c:\users\danny\documents\github\te\debug\intermediate\resource.nativecodeanalysis.xml
c:\users\danny\documents\github\te\debug\intermediate\shader.nativecodeanalysis.xml
c:\users\danny\documents\github\te\debug\intermediate\tga.nativecodeanalysis.xml
c:\users\danny\documents\github\te\debug\intermediate\tinyxml2.nativecodeanalysis.xml
c:\users\danny\documents\github\te\debug\intermediate\utility.nativecodeanalysis.xml
c:\users\danny\documents\github\te\debug\intermediate\world.nativecodeanalysis.xml
c:\users\danny\documents\github\te\debug\turkeyengine.ilk
c:\users\danny\documents\github\te\debug\turkeyengine.exe
c:\users\danny\documents\github\te\debug\turkeyengine.pdb
c:\users\danny\documents\github\te\debug\intermediate\nativecodeanalysis.read.1.tlog
c:\users\danny\documents\github\te\debug\intermediate\vc.nativecodeanalysis.all.xml
c:\users\danny\documents\github\te\debug\turkeyengine.exe.lastcodeanalysissucceeded
c:\users\danny\documents\github\te\debug\intermediate\turkeyengine.tlog\cl.command.1.tlog
c:\users\danny\documents\github\te\debug\intermediate\turkeyengine.tlog\cl.read.1.tlog
c:\users\danny\documents\github\te\debug\intermediate\turkeyengine.tlog\cl.write.1.tlog
c:\users\danny\documents\github\te\debug\intermediate\turkeyengine.tlog\link.command.1.tlog
c:\users\danny\documents\github\te\debug\intermediate\turkeyengine.tlog\link.read.1.tlog
c:\users\danny\documents\github\te\debug\intermediate\turkeyengine.tlog\link.write.1.tlog
