Build started 10/19/2014 11:02:46 PM.
     1>Project "C:\Users\Danny\Documents\GitHub\TE\TE.vcxproj" on node 2 (Build target(s)).
     1>Link:
         C:\Program Files (x86)\Microsoft Visual Studio 12.0\VC\bin\link.exe /ERRORREPORT:PROMPT /OUT:"C:\Users\Danny\Documents\GitHub\TE\Release\TurkeyEngine.exe" /NOLOGO /LIBPATH:C:\Users\Danny\Documents\GitHub\TE\\Lib\ glu32.lib opengl32.lib glew32.lib glfw3.lib kernel32.lib user32.lib gdi32.lib winspool.lib comdlg32.lib advapi32.lib shell32.lib ole32.lib oleaut32.lib uuid.lib odbc32.lib odbccp32.lib /MANIFEST /MANIFESTUAC:"level='asInvoker' uiAccess='false'" /manifest:embed /DEBUG /PDB:"C:\Users\Danny\Documents\GitHub\TE\Release\TurkeyEngine.pdb" /OPT:REF /OPT:ICF /LTCG /TLBID:1 /DYNAMICBASE /NXCOMPAT /IMPLIB:"C:\Users\Danny\Documents\GitHub\TE\Release\TurkeyEngine.lib" /MACHINE:X86 /SAFESEH Release\Intermediate\Collada.obj
         Release\Intermediate\Console.obj
         Release\Intermediate\Engine.obj
         Release\Intermediate\EngineModule.obj
         Release\Intermediate\GL_31.obj
         Release\Intermediate\main.obj
         Release\Intermediate\Render.obj
         Release\Intermediate\Resource.obj
         Release\Intermediate\Shader.obj
         Release\Intermediate\TGA.obj
         Release\Intermediate\tinyxml2.obj
         Release\Intermediate\Utility.obj
         Release\Intermediate\World.obj
         Generating code
         Finished generating code
         TE.vcxproj -> C:\Users\Danny\Documents\GitHub\TE\Release\TurkeyEngine.exe
     1>Done Building Project "C:\Users\Danny\Documents\GitHub\TE\TE.vcxproj" (Build target(s)).

Build succeeded.

Time Elapsed 00:00:02.41
